<?xml version="1.0" encoding="UTF-8"?>
<testsuite xmlns:xsi="http://www.w3.org/2001/XMLSchema-instance" xsi:noNamespaceSchemaLocation="https://maven.apache.org/surefire/maven-surefire-plugin/xsd/surefire-test-report.xsd" version="3.0.2" name="com.task.tasks.service.TaskServiceTest" time="3.536" tests="7" errors="0" skipped="0" failures="0" flakes="0">
  <properties>
[...]
</properties>
  <testcase name="updatedTaskByStatusNotFound" classname="com.task.tasks.service.TaskServiceTest" time="3.405"/>
  <testcase name="getTaskByIdFound" classname="com.task.tasks.service.TaskServiceTest" time="0.012"/>
  <testcase name="updatedTaskByStatusFound" classname="com.task.tasks.service.TaskServiceTest" time="0.014"/>
  <testcase name="deleteTaskNotFindById" classname="com.task.tasks.service.TaskServiceTest" time="0.018"/>
  <testcase name="deleteTaskFindById" classname="com.task.tasks.service.TaskServiceTest" time="0.01"/>
  <testcase name="createTask" classname="com.task.tasks.service.TaskServiceTest" time="0.004"/>
  <testcase name="getTaskByIdNotFound" classname="com.task.tasks.service.TaskServiceTest" time="0.012"/>
</testsuite>